2018-07-19 15:25:29,709 INFO  [Log] 最大化浏览器 
2018-07-19 15:25:29,906 INFO  [Log] 输入用户名.. 
2018-07-19 15:25:30,027 INFO  [Log] 输入密码.... 
2018-07-19 15:25:30,115 INFO  [Log] 点击登陆.... 
2018-07-19 15:25:31,146 INFO  [Log] 成功断言关键字“退出” 
2018-07-19 15:25:31,147 INFO  [Log] 登陆成功... 
2018-07-19 15:25:31,182 INFO  [Log] 进入空间管理页面... 
2018-07-19 15:25:32,199 INFO  [Log] 断言失败，具体失败信息为：expected [true] but found [false] 
2018-07-19 15:26:14,975 INFO  [Log] 最大化浏览器 
2018-07-19 15:26:15,189 INFO  [Log] 输入用户名.. 
2018-07-19 15:26:15,291 INFO  [Log] 输入密码.... 
2018-07-19 15:26:15,377 INFO  [Log] 点击登陆.... 
2018-07-19 15:26:16,411 INFO  [Log] 成功断言关键字“退出” 
2018-07-19 15:26:16,411 INFO  [Log] 登陆成功... 
2018-07-19 15:26:16,449 INFO  [Log] 进入空间管理页面... 
2018-07-19 15:26:17,468 INFO  [Log] 成功断言关键字“创建空间” 
2018-07-19 15:26:30,098 INFO  [Log] 成功断言关键字“testspace” 
2018-07-19 15:26:30,184 INFO  [Log] 点击释放按钮... 
2018-07-19 15:27:43,281 INFO  [Log] 最大化浏览器 
2018-07-19 15:27:43,492 INFO  [Log] 输入用户名.. 
2018-07-19 15:27:43,610 INFO  [Log] 输入密码.... 
2018-07-19 15:27:43,693 INFO  [Log] 点击登陆.... 
2018-07-19 15:27:44,724 INFO  [Log] 成功断言关键字“退出” 
2018-07-19 15:27:44,724 INFO  [Log] 登陆成功... 
2018-07-19 15:27:44,767 INFO  [Log] 进入空间管理页面... 
2018-07-19 15:27:45,788 INFO  [Log] 成功断言关键字“创建空间” 
2018-07-19 15:27:58,461 INFO  [Log] 成功断言关键字“testspace” 
2018-07-19 15:27:58,553 INFO  [Log] 点击释放按钮... 
2018-07-19 15:28:01,635 INFO  [Log] 点击确认... 
2018-07-19 15:28:01,679 INFO  [Log] 断言失败，具体信息为：expected [false] but found [true] 
2018-07-19 15:28:01,679 INFO  [Log] 断言页面不存在该空间 
2018-07-19 15:28:02,478 INFO  [Log] 关闭浏览器... 
2018-07-19 15:29:46,529 INFO  [Log] 最大化浏览器 
2018-07-19 15:29:46,830 INFO  [Log] 输入用户名.. 
2018-07-19 15:29:46,974 INFO  [Log] 输入密码.... 
2018-07-19 15:29:47,072 INFO  [Log] 点击登陆.... 
2018-07-19 15:29:48,108 INFO  [Log] 成功断言关键字“退出” 
2018-07-19 15:29:48,108 INFO  [Log] 登陆成功... 
2018-07-19 15:29:48,138 INFO  [Log] 进入空间管理页面... 
2018-07-19 15:29:49,158 INFO  [Log] 成功断言关键字“创建空间” 
2018-07-19 15:30:02,010 INFO  [Log] 成功断言关键字“testspace” 
2018-07-19 15:30:02,093 INFO  [Log] 点击释放按钮... 
2018-07-19 15:30:05,168 INFO  [Log] 点击确认... 
2018-07-19 15:30:05,215 INFO  [Log] 断言失败，具体信息为：expected [false] but found [true] 
2018-07-19 15:30:05,215 INFO  [Log] 断言页面不存在该空间 
2018-07-19 15:30:06,165 INFO  [Log] 关闭浏览器... 
2018-07-19 16:29:43,797 INFO  [Log] 进入数据库总览页面... 
2018-07-19 16:29:43,836 INFO  [Log] 滚动条滚动到页面底部... 
2018-07-19 16:30:45,468 INFO  [Log] 最大化浏览器 
2018-07-19 16:30:45,689 INFO  [Log] 输入用户名.. 
2018-07-19 16:30:45,808 INFO  [Log] 输入密码.... 
2018-07-19 16:30:45,908 INFO  [Log] 点击登陆.... 
2018-07-19 16:30:46,939 INFO  [Log] 成功断言关键字“退出” 
2018-07-19 16:30:46,939 INFO  [Log] 登陆成功... 
2018-07-19 16:30:46,968 INFO  [Log] 进入数据库总览页面... 
2018-07-19 16:30:46,996 INFO  [Log] 滚动条滚动到页面底部... 
2018-07-19 16:36:12,439 INFO  [Log] 最大化浏览器 
2018-07-19 16:36:12,663 INFO  [Log] 输入用户名.. 
2018-07-19 16:36:12,774 INFO  [Log] 输入密码.... 
2018-07-19 16:36:12,860 INFO  [Log] 点击登陆.... 
2018-07-19 16:36:13,893 INFO  [Log] 成功断言关键字“退出” 
2018-07-19 16:36:13,893 INFO  [Log] 登陆成功... 
2018-07-19 16:36:13,930 INFO  [Log] 进入数据库总览页面... 
2018-07-19 16:36:14,941 INFO  [Log] 滚动条滚动到页面底部... 
2018-07-19 16:40:05,139 INFO  [Log] 最大化浏览器 
2018-07-19 16:40:05,364 INFO  [Log] 输入用户名.. 
2018-07-19 16:40:05,470 INFO  [Log] 输入密码.... 
2018-07-19 16:40:05,572 INFO  [Log] 点击登陆.... 
2018-07-19 16:40:06,604 INFO  [Log] 成功断言关键字“退出” 
2018-07-19 16:40:06,604 INFO  [Log] 登陆成功... 
2018-07-19 16:40:06,636 INFO  [Log] 进入数据库总览页面... 
2018-07-19 16:40:07,650 INFO  [Log] 滚动条滚动到页面底部... 
2018-07-19 17:27:59,198 INFO  [Log] 最大化浏览器 
2018-07-19 17:27:59,394 INFO  [Log] 输入用户名.. 
2018-07-19 17:27:59,508 INFO  [Log] 输入密码.... 
2018-07-19 17:27:59,586 INFO  [Log] 点击登陆.... 
2018-07-19 17:28:00,615 INFO  [Log] 成功断言关键字“退出” 
2018-07-19 17:28:00,615 INFO  [Log] 登陆成功... 
2018-07-19 17:28:00,642 INFO  [Log] 进入数据库总览页面... 
2018-07-19 17:28:01,652 INFO  [Log] 滚动条滚动到页面底部... 
2018-07-19 17:34:10,096 INFO  [Log] 最大化浏览器 
2018-07-19 17:34:10,297 INFO  [Log] 输入用户名.. 
2018-07-19 17:34:10,416 INFO  [Log] 输入密码.... 
2018-07-19 17:34:10,504 INFO  [Log] 点击登陆.... 
2018-07-19 17:34:11,534 INFO  [Log] 成功断言关键字“退出” 
2018-07-19 17:34:11,534 INFO  [Log] 登陆成功... 
2018-07-19 17:34:11,562 INFO  [Log] 进入数据库总览页面... 
2018-07-19 17:34:12,573 INFO  [Log] 滚动条滚动到页面底部... 
2018-07-19 17:37:12,520 INFO  [Log] 最大化浏览器 
2018-07-19 17:37:12,730 INFO  [Log] 输入用户名.. 
2018-07-19 17:37:12,857 INFO  [Log] 输入密码.... 
2018-07-19 17:37:12,950 INFO  [Log] 点击登陆.... 
2018-07-19 17:37:13,981 INFO  [Log] 成功断言关键字“退出” 
2018-07-19 17:37:13,981 INFO  [Log] 登陆成功... 
2018-07-19 17:37:14,011 INFO  [Log] 进入数据库总览页面... 
2018-07-19 17:37:15,023 INFO  [Log] 滚动条滚动到页面底部... 
2018-07-19 17:37:22,738 INFO  [Log] 断言失败，具体失败信息为：expected [true] but found [false] 
2018-07-19 17:42:13,083 INFO  [Log] 最大化浏览器 
2018-07-19 17:42:13,307 INFO  [Log] 输入用户名.. 
2018-07-19 17:42:13,405 INFO  [Log] 输入密码.... 
2018-07-19 17:42:13,484 INFO  [Log] 点击登陆.... 
2018-07-19 17:42:14,514 INFO  [Log] 成功断言关键字“退出” 
2018-07-19 17:42:14,514 INFO  [Log] 登陆成功... 
2018-07-19 17:42:14,544 INFO  [Log] 进入数据库总览页面... 
2018-07-19 17:42:15,556 INFO  [Log] 滚动条滚动到页面底部... 
2018-07-19 17:42:23,276 INFO  [Log] 断言失败，具体失败信息为：expected [true] but found [false] 
